<?xml version="1.0" encoding="UTF-8"?>
<!-- Generated by org.testng.reporters.JUnitReportReporter -->
<testsuite hostname="DESKTOP-HCAJ40K" failures="0" tests="6" name="Testg.test1" time="0.033" errors="0" timestamp="2023-07-07T20:34:43 IST" skipped="1">
  <testcase classname="Testg.test1" name="chats" time="0.004"/>
  <system-out>
    <![CDATA[chats]]>
  </system-out>
  <testcase classname="Testg.test1" name="chats" time="0.019"/>
  <system-out>
    <![CDATA[chats]]>
  </system-out>
  <testcase classname="Testg.test1" name="chats" time="0.003"/>
  <system-out>
    <![CDATA[chats]]>
  </system-out>
  <testcase classname="Testg.test1" name="calls" time="0.004"/>
  <system-out>
    <![CDATA[calls]]>
  </system-out>
  <testcase classname="Testg.test1" name="calls" time="0.003"/>
  <system-out>
    <![CDATA[calls]]>
  </system-out>
  <testcase classname="Testg.test1" name="setting">
    <skipped/>
  </testcase> <!-- setting -->
  <system-out/>
</testsuite> <!-- Testg.test1 -->
