<?xml version="1.0" encoding="UTF-8"?>
<!-- Generated by org.testng.reporters.JUnitReportReporter -->
<testsuite hostname="DESKTOP-HCAJ40K" failures="0" tests="1" name="Testg.Test" time="0.021" errors="0" timestamp="2023-07-26T12:14:13 IST" skipped="0">
  <testcase classname="Testg.Test" name="demo" time="0.021"/>
  <system-out/>
</testsuite> <!-- Testg.Test -->
